13.02.2017 17:42:02, Info: Initializing SIMPLSharp Services...
13.02.2017 17:42:02, Info: ProjectInfo successfully initialized.
13.02.2017 17:42:03, Info: Verifying archive C:\Program Files (x86)\Crestron\Simpl\USRSPLUS\CrestronKNXLibrary.clz...
13.02.2017 17:42:04, Info: Saving project information...
13.02.2017 17:42:05, Info: Verifying archive C:\Program Files (x86)\Crestron\Simpl\USRSPLUS\CrestronKNXLibrary.clz...
13.02.2017 17:42:05, Info: Saving project information...
13.02.2017 17:42:05, Info: Verifying archive C:\Program Files (x86)\Crestron\Simpl\USRSPLUS\CrestronKNXLibrary.clz...
13.02.2017 17:42:06, Info: Saving project information...
13.02.2017 17:42:07, Info: Verifying archive C:\Program Files (x86)\Crestron\Simpl\USRSPLUS\CrestronKNXLibrary.clz...
13.02.2017 17:42:07, Info: Saving project information...
13.02.2017 17:42:08, Info: Verifying archive C:\Users\terom\Documents\GitHub\Luxeng\Office\SPlsWork\AppHelperClasses v2_0.clz...
13.02.2017 17:42:08, Info: Saving project information...
13.02.2017 17:42:09, Info: Verifying archive C:\Users\terom\Documents\GitHub\Luxeng\Office\SPlsWork\Crestron.MediaPlayerValidator.clz...
13.02.2017 17:42:09, Info: Saving project information...
13.02.2017 17:42:12, Info: Verifying archive C:\Program Files (x86)\Crestron\Simpl\USRSPLUS\AppleDACPClient.clz...
13.02.2017 17:42:12, Info: Saving project information...
13.02.2017 17:42:14, Info: Commiting verification transaction...
13.02.2017 17:42:14, Info: Saving project information...
13.02.2017 17:42:38, Info: Initializing SIMPLSharp Services...
13.02.2017 17:42:38, Info: ProjectInfo successfully initialized.
13.02.2017 17:42:38, Info: Verifying archive C:\Program Files (x86)\Crestron\Simpl\USRSPLUS\CrestronKNXLibrary.clz...
13.02.2017 17:42:39, Info: Saving project information...
13.02.2017 17:42:40, Info: Verifying archive C:\Program Files (x86)\Crestron\Simpl\USRSPLUS\CrestronKNXLibrary.clz...
13.02.2017 17:42:40, Info: Saving project information...
13.02.2017 17:42:40, Info: Verifying archive C:\Program Files (x86)\Crestron\Simpl\USRSPLUS\CrestronKNXLibrary.clz...
13.02.2017 17:42:41, Info: Saving project information...
13.02.2017 17:42:42, Info: Verifying archive C:\Program Files (x86)\Crestron\Simpl\USRSPLUS\CrestronKNXLibrary.clz...
13.02.2017 17:42:42, Info: Saving project information...
13.02.2017 17:42:43, Info: Verifying archive C:\Users\terom\Documents\GitHub\Luxeng\Office\SPlsWork\AppHelperClasses v2_0.clz...
13.02.2017 17:42:43, Info: Saving project information...
13.02.2017 17:42:44, Info: Verifying archive C:\Users\terom\Documents\GitHub\Luxeng\Office\SPlsWork\Crestron.MediaPlayerValidator.clz...
13.02.2017 17:42:44, Info: Saving project information...
13.02.2017 17:42:48, Info: Verifying archive C:\Program Files (x86)\Crestron\Simpl\USRSPLUS\AppleDACPClient.clz...
13.02.2017 17:42:48, Info: Saving project information...
13.02.2017 17:42:50, Info: Commiting verification transaction...
13.02.2017 17:42:50, Info: Saving project information...
13.02.2017 17:43:07, Info: Initializing SIMPLSharp Services...
13.02.2017 17:43:07, Info: ProjectInfo successfully initialized.
13.02.2017 17:43:08, Info: Verifying archive C:\Program Files (x86)\Crestron\Simpl\USRSPLUS\CrestronKNXLibrary.clz...
13.02.2017 17:43:08, Info: Saving project information...
13.02.2017 17:43:09, Info: Verifying archive C:\Program Files (x86)\Crestron\Simpl\USRSPLUS\CrestronKNXLibrary.clz...
13.02.2017 17:43:10, Info: Saving project information...
13.02.2017 17:43:10, Info: Verifying archive C:\Program Files (x86)\Crestron\Simpl\USRSPLUS\CrestronKNXLibrary.clz...
13.02.2017 17:43:10, Info: Saving project information...
13.02.2017 17:43:12, Info: Verifying archive C:\Program Files (x86)\Crestron\Simpl\USRSPLUS\CrestronKNXLibrary.clz...
13.02.2017 17:43:12, Info: Saving project information...
13.02.2017 17:43:13, Info: Verifying archive C:\Users\terom\Documents\GitHub\Luxeng\Office\SPlsWork\AppHelperClasses v2_0.clz...
13.02.2017 17:43:13, Info: Saving project information...
13.02.2017 17:43:13, Info: Verifying archive C:\Users\terom\Documents\GitHub\Luxeng\Office\SPlsWork\Crestron.MediaPlayerValidator.clz...
13.02.2017 17:43:14, Info: Saving project information...
13.02.2017 17:43:17, Info: Verifying archive C:\Program Files (x86)\Crestron\Simpl\USRSPLUS\AppleDACPClient.clz...
13.02.2017 17:43:17, Info: Saving project information...
13.02.2017 17:43:18, Info: Commiting verification transaction...
13.02.2017 17:43:18, Info: Saving project information...
13.02.2017 18:23:14, Info: Initializing SIMPLSharp Services...
13.02.2017 18:23:14, Info: ProjectInfo successfully initialized.
13.02.2017 18:23:15, Info: Verifying archive C:\Program Files (x86)\Crestron\Simpl\USRSPLUS\CrestronKNXLibrary.clz...
13.02.2017 18:23:16, Info: Saving project information...
13.02.2017 18:23:17, Info: Verifying archive C:\Program Files (x86)\Crestron\Simpl\USRSPLUS\CrestronKNXLibrary.clz...
13.02.2017 18:23:17, Info: Saving project information...
13.02.2017 18:23:17, Info: Verifying archive C:\Program Files (x86)\Crestron\Simpl\USRSPLUS\CrestronKNXLibrary.clz...
13.02.2017 18:23:18, Info: Saving project information...
13.02.2017 18:23:19, Info: Verifying archive C:\Program Files (x86)\Crestron\Simpl\USRSPLUS\CrestronKNXLibrary.clz...
13.02.2017 18:23:19, Info: Saving project information...
13.02.2017 18:23:20, Info: Verifying archive C:\Users\terom\Documents\GitHub\Luxeng\Office\SPlsWork\AppHelperClasses v2_0.clz...
13.02.2017 18:23:20, Info: Saving project information...
13.02.2017 18:23:21, Info: Verifying archive C:\Users\terom\Documents\GitHub\Luxeng\Office\SPlsWork\Crestron.MediaPlayerValidator.clz...
13.02.2017 18:23:21, Info: Saving project information...
13.02.2017 18:23:24, Info: Verifying archive C:\Program Files (x86)\Crestron\Simpl\USRSPLUS\AppleDACPClient.clz...
13.02.2017 18:23:24, Info: Saving project information...
13.02.2017 18:23:25, Info: Commiting verification transaction...
13.02.2017 18:23:25, Info: Saving project information...
13.02.2017 18:36:01, Info: Initializing SIMPLSharp Services...
13.02.2017 18:36:01, Info: ProjectInfo successfully initialized.
13.02.2017 18:36:02, Info: Verifying archive C:\Program Files (x86)\Crestron\Simpl\USRSPLUS\CrestronKNXLibrary.clz...
13.02.2017 18:36:02, Info: Saving project information...
13.02.2017 18:36:03, Info: Verifying archive C:\Program Files (x86)\Crestron\Simpl\USRSPLUS\CrestronKNXLibrary.clz...
13.02.2017 18:36:04, Info: Saving project information...
13.02.2017 18:36:04, Info: Verifying archive C:\Program Files (x86)\Crestron\Simpl\USRSPLUS\CrestronKNXLibrary.clz...
13.02.2017 18:36:04, Info: Saving project information...
13.02.2017 18:36:05, Info: Verifying archive C:\Program Files (x86)\Crestron\Simpl\USRSPLUS\CrestronKNXLibrary.clz...
13.02.2017 18:36:06, Info: Saving project information...
13.02.2017 18:36:06, Info: Verifying archive C:\Users\terom\Documents\GitHub\Luxeng\Office\SPlsWork\AppHelperClasses v2_0.clz...
13.02.2017 18:36:06, Info: Saving project information...
13.02.2017 18:36:07, Info: Verifying archive C:\Users\terom\Documents\GitHub\Luxeng\Office\SPlsWork\Crestron.MediaPlayerValidator.clz...
13.02.2017 18:36:07, Info: Saving project information...
13.02.2017 18:36:10, Info: Verifying archive C:\Program Files (x86)\Crestron\Simpl\USRSPLUS\AppleDACPClient.clz...
13.02.2017 18:36:11, Info: Saving project information...
13.02.2017 18:36:12, Info: Commiting verification transaction...
13.02.2017 18:36:12, Info: Saving project information...
13.02.2017 20:00:57, Info: Initializing SIMPLSharp Services...
13.02.2017 20:00:57, Info: ProjectInfo successfully initialized.
13.02.2017 20:00:58, Info: Verifying archive C:\Program Files (x86)\Crestron\Simpl\USRSPLUS\CrestronKNXLibrary.clz...
13.02.2017 20:00:58, Info: Saving project information...
13.02.2017 20:00:59, Info: Verifying archive C:\Program Files (x86)\Crestron\Simpl\USRSPLUS\CrestronKNXLibrary.clz...
13.02.2017 20:01:00, Info: Saving project information...
13.02.2017 20:01:00, Info: Verifying archive C:\Program Files (x86)\Crestron\Simpl\USRSPLUS\CrestronKNXLibrary.clz...
13.02.2017 20:01:00, Info: Saving project information...
13.02.2017 20:01:02, Info: Verifying archive C:\Program Files (x86)\Crestron\Simpl\USRSPLUS\CrestronKNXLibrary.clz...
13.02.2017 20:01:02, Info: Saving project information...
13.02.2017 20:01:03, Info: Verifying archive C:\Users\terom\Documents\GitHub\Luxeng\Office\SPlsWork\AppHelperClasses v2_0.clz...
13.02.2017 20:01:03, Info: Saving project information...
13.02.2017 20:01:04, Info: Verifying archive C:\Users\terom\Documents\GitHub\Luxeng\Office\SPlsWork\Crestron.MediaPlayerValidator.clz...
13.02.2017 20:01:04, Info: Saving project information...
13.02.2017 20:01:08, Info: Verifying archive C:\Program Files (x86)\Crestron\Simpl\USRSPLUS\AppleDACPClient.clz...
13.02.2017 20:01:08, Info: Saving project information...
13.02.2017 20:01:09, Info: Commiting verification transaction...
13.02.2017 20:01:09, Info: Saving project information...
13.02.2017 20:55:43, Info: Initializing SIMPLSharp Services...
13.02.2017 20:55:43, Info: ProjectInfo successfully initialized.
13.02.2017 20:55:44, Info: Verifying archive C:\Program Files (x86)\Crestron\Simpl\USRSPLUS\CrestronKNXLibrary.clz...
13.02.2017 20:55:44, Info: Saving project information...
13.02.2017 20:55:45, Info: Verifying archive C:\Program Files (x86)\Crestron\Simpl\USRSPLUS\CrestronKNXLibrary.clz...
13.02.2017 20:55:46, Info: Saving project information...
13.02.2017 20:55:46, Info: Verifying archive C:\Program Files (x86)\Crestron\Simpl\USRSPLUS\CrestronKNXLibrary.clz...
13.02.2017 20:55:46, Info: Saving project information...
13.02.2017 20:55:48, Info: Verifying archive C:\Program Files (x86)\Crestron\Simpl\USRSPLUS\CrestronKNXLibrary.clz...
13.02.2017 20:55:48, Info: Saving project information...
13.02.2017 20:55:48, Info: Verifying archive C:\Users\terom\Documents\GitHub\Luxeng\Office\SPlsWork\AppHelperClasses v2_0.clz...
13.02.2017 20:55:49, Info: Saving project information...
13.02.2017 20:55:49, Info: Verifying archive C:\Users\terom\Documents\GitHub\Luxeng\Office\SPlsWork\Crestron.MediaPlayerValidator.clz...
13.02.2017 20:55:50, Info: Saving project information...
13.02.2017 20:55:53, Info: Verifying archive C:\Program Files (x86)\Crestron\Simpl\USRSPLUS\AppleDACPClient.clz...
13.02.2017 20:55:53, Info: Saving project information...
13.02.2017 20:55:55, Info: Commiting verification transaction...
13.02.2017 20:55:55, Info: Saving project information...
13.02.2017 20:57:27, Info: Initializing SIMPLSharp Services...
13.02.2017 20:57:27, Info: ProjectInfo successfully initialized.
13.02.2017 20:57:28, Info: Verifying archive C:\Program Files (x86)\Crestron\Simpl\USRSPLUS\CrestronKNXLibrary.clz...
13.02.2017 20:57:28, Info: Saving project information...
13.02.2017 20:57:29, Info: Verifying archive C:\Program Files (x86)\Crestron\Simpl\USRSPLUS\CrestronKNXLibrary.clz...
13.02.2017 20:57:30, Info: Saving project information...
13.02.2017 20:57:30, Info: Verifying archive C:\Program Files (x86)\Crestron\Simpl\USRSPLUS\CrestronKNXLibrary.clz...
13.02.2017 20:57:30, Info: Saving project information...
13.02.2017 20:57:32, Info: Verifying archive C:\Program Files (x86)\Crestron\Simpl\USRSPLUS\CrestronKNXLibrary.clz...
13.02.2017 20:57:32, Info: Saving project information...
13.02.2017 20:57:33, Info: Verifying archive C:\Users\terom\Documents\GitHub\Luxeng\Office\SPlsWork\AppHelperClasses v2_0.clz...
13.02.2017 20:57:33, Info: Saving project information...
13.02.2017 20:57:33, Info: Verifying archive C:\Users\terom\Documents\GitHub\Luxeng\Office\SPlsWork\Crestron.MediaPlayerValidator.clz...
13.02.2017 20:57:34, Info: Saving project information...
13.02.2017 20:57:37, Info: Verifying archive C:\Program Files (x86)\Crestron\Simpl\USRSPLUS\AppleDACPClient.clz...
13.02.2017 20:57:37, Info: Saving project information...
13.02.2017 20:57:39, Info: Commiting verification transaction...
13.02.2017 20:57:39, Info: Saving project information...
13.02.2017 20:57:51, Info: Initializing SIMPLSharp Services...
13.02.2017 20:57:51, Info: ProjectInfo successfully initialized.
13.02.2017 20:57:51, Info: Verifying archive C:\Program Files (x86)\Crestron\Simpl\USRSPLUS\CrestronKNXLibrary.clz...
13.02.2017 20:57:52, Info: Saving project information...
13.02.2017 20:57:53, Info: Verifying archive C:\Program Files (x86)\Crestron\Simpl\USRSPLUS\CrestronKNXLibrary.clz...
13.02.2017 20:57:53, Info: Saving project information...
13.02.2017 20:57:54, Info: Verifying archive C:\Program Files (x86)\Crestron\Simpl\USRSPLUS\CrestronKNXLibrary.clz...
13.02.2017 20:57:54, Info: Saving project information...
13.02.2017 20:57:55, Info: Verifying archive C:\Program Files (x86)\Crestron\Simpl\USRSPLUS\CrestronKNXLibrary.clz...
13.02.2017 20:57:56, Info: Saving project information...
13.02.2017 20:57:56, Info: Verifying archive C:\Users\terom\Documents\GitHub\Luxeng\Office\SPlsWork\AppHelperClasses v2_0.clz...
13.02.2017 20:57:56, Info: Saving project information...
13.02.2017 20:57:57, Info: Verifying archive C:\Users\terom\Documents\GitHub\Luxeng\Office\SPlsWork\Crestron.MediaPlayerValidator.clz...
13.02.2017 20:57:57, Info: Saving project information...
13.02.2017 20:58:01, Info: Verifying archive C:\Program Files (x86)\Crestron\Simpl\USRSPLUS\AppleDACPClient.clz...
13.02.2017 20:58:01, Info: Saving project information...
13.02.2017 20:58:02, Info: Commiting verification transaction...
13.02.2017 20:58:02, Info: Saving project information...
13.02.2017 21:04:09, Info: Initializing SIMPLSharp Services...
13.02.2017 21:04:09, Info: ProjectInfo successfully initialized.
13.02.2017 21:04:09, Info: Verifying archive C:\Program Files (x86)\Crestron\Simpl\USRSPLUS\CrestronKNXLibrary.clz...
13.02.2017 21:04:10, Info: Saving project information...
13.02.2017 21:04:11, Info: Verifying archive C:\Program Files (x86)\Crestron\Simpl\USRSPLUS\CrestronKNXLibrary.clz...
13.02.2017 21:04:11, Info: Saving project information...
13.02.2017 21:04:12, Info: Verifying archive C:\Program Files (x86)\Crestron\Simpl\USRSPLUS\CrestronKNXLibrary.clz...
13.02.2017 21:04:12, Info: Saving project information...
13.02.2017 21:04:13, Info: Verifying archive C:\Program Files (x86)\Crestron\Simpl\USRSPLUS\CrestronKNXLibrary.clz...
13.02.2017 21:04:14, Info: Saving project information...
13.02.2017 21:04:14, Info: Verifying archive C:\Users\terom\Documents\GitHub\Luxeng\Office\SPlsWork\AppHelperClasses v2_0.clz...
13.02.2017 21:04:14, Info: Saving project information...
13.02.2017 21:04:15, Info: Verifying archive C:\Users\terom\Documents\GitHub\Luxeng\Office\SPlsWork\Crestron.MediaPlayerValidator.clz...
13.02.2017 21:04:16, Info: Saving project information...
13.02.2017 21:04:19, Info: Verifying archive C:\Program Files (x86)\Crestron\Simpl\USRSPLUS\AppleDACPClient.clz...
13.02.2017 21:04:19, Info: Saving project information...
13.02.2017 21:04:21, Info: Commiting verification transaction...
13.02.2017 21:04:21, Info: Saving project information...
13.02.2017 21:04:35, Info: Initializing SIMPLSharp Services...
13.02.2017 21:04:35, Info: ProjectInfo successfully initialized.
13.02.2017 21:04:35, Info: Verifying archive C:\Program Files (x86)\Crestron\Simpl\USRSPLUS\CrestronKNXLibrary.clz...
13.02.2017 21:04:36, Info: Saving project information...
13.02.2017 21:04:37, Info: Verifying archive C:\Program Files (x86)\Crestron\Simpl\USRSPLUS\CrestronKNXLibrary.clz...
13.02.2017 21:04:37, Info: Saving project information...
13.02.2017 21:04:38, Info: Verifying archive C:\Program Files (x86)\Crestron\Simpl\USRSPLUS\CrestronKNXLibrary.clz...
13.02.2017 21:04:38, Info: Saving project information...
13.02.2017 21:04:39, Info: Verifying archive C:\Program Files (x86)\Crestron\Simpl\USRSPLUS\CrestronKNXLibrary.clz...
13.02.2017 21:04:40, Info: Saving project information...
13.02.2017 21:04:40, Info: Verifying archive C:\Users\terom\Documents\GitHub\Luxeng\Office\SPlsWork\AppHelperClasses v2_0.clz...
13.02.2017 21:04:40, Info: Saving project information...
13.02.2017 21:04:41, Info: Verifying archive C:\Users\terom\Documents\GitHub\Luxeng\Office\SPlsWork\Crestron.MediaPlayerValidator.clz...
13.02.2017 21:04:41, Info: Saving project information...
