13.02.2017 14:31:03, Info: Initializing SIMPLSharp Services...
13.02.2017 14:31:03, Info: ProjectInfo successfully initialized.
13.02.2017 14:31:04, Info: Verifying archive C:\Program Files (x86)\Crestron\Simpl\USRSPLUS\CrestronKNXLibrary.clz...
13.02.2017 14:31:06, Info: Saving project information...
13.02.2017 14:31:07, Info: Verifying archive C:\Program Files (x86)\Crestron\Simpl\USRSPLUS\CrestronKNXLibrary.clz...
13.02.2017 14:31:08, Info: Saving project information...
13.02.2017 14:31:09, Info: Verifying archive C:\Program Files (x86)\Crestron\Simpl\USRSPLUS\CrestronKNXLibrary.clz...
13.02.2017 14:31:09, Info: Saving project information...
13.02.2017 14:31:11, Info: Verifying archive C:\Program Files (x86)\Crestron\Simpl\USRSPLUS\CrestronKNXLibrary.clz...
13.02.2017 14:31:12, Info: Saving project information...
13.02.2017 14:31:13, Info: Verifying archive C:\Users\terom\Documents\GitHub\Luxeng\Office\SPlsWork\AppHelperClasses v2_0.clz...
13.02.2017 14:31:14, Info: Saving project information...
13.02.2017 14:31:15, Info: Verifying archive C:\Users\terom\Documents\GitHub\Luxeng\Office\SPlsWork\Crestron.MediaPlayerValidator.clz...
13.02.2017 14:31:15, Info: Saving project information...
13.02.2017 14:31:22, Info: Verifying archive C:\Program Files (x86)\Crestron\Simpl\USRSPLUS\AppleDACPClient.clz...
13.02.2017 14:31:22, Info: Saving project information...
13.02.2017 14:31:24, Info: Commiting verification transaction...
13.02.2017 14:31:24, Info: Saving project information...
13.02.2017 15:45:29, Info: Initializing SIMPLSharp Services...
13.02.2017 15:45:29, Info: ProjectInfo successfully initialized.
13.02.2017 15:45:30, Info: Verifying archive C:\Program Files (x86)\Crestron\Simpl\USRSPLUS\CrestronKNXLibrary.clz...
13.02.2017 15:45:31, Info: Saving project information...
13.02.2017 15:45:31, Info: Verifying archive C:\Program Files (x86)\Crestron\Simpl\USRSPLUS\CrestronKNXLibrary.clz...
13.02.2017 15:45:32, Info: Saving project information...
13.02.2017 15:45:32, Info: Verifying archive C:\Program Files (x86)\Crestron\Simpl\USRSPLUS\CrestronKNXLibrary.clz...
13.02.2017 15:45:33, Info: Saving project information...
13.02.2017 15:45:34, Info: Verifying archive C:\Program Files (x86)\Crestron\Simpl\USRSPLUS\CrestronKNXLibrary.clz...
13.02.2017 15:45:35, Info: Saving project information...
13.02.2017 15:45:36, Info: Verifying archive C:\Users\terom\Documents\GitHub\Luxeng\Office\SPlsWork\AppHelperClasses v2_0.clz...
13.02.2017 15:45:36, Info: Saving project information...
13.02.2017 15:45:37, Info: Verifying archive C:\Users\terom\Documents\GitHub\Luxeng\Office\SPlsWork\Crestron.MediaPlayerValidator.clz...
13.02.2017 15:45:37, Info: Saving project information...
13.02.2017 15:45:42, Info: Verifying archive C:\Program Files (x86)\Crestron\Simpl\USRSPLUS\AppleDACPClient.clz...
13.02.2017 15:45:42, Info: Saving project information...
13.02.2017 15:45:44, Info: Commiting verification transaction...
13.02.2017 15:45:44, Info: Saving project information...
13.02.2017 15:48:21, Info: Initializing SIMPLSharp Services...
13.02.2017 15:48:21, Info: ProjectInfo successfully initialized.
13.02.2017 15:48:22, Info: Verifying archive C:\Program Files (x86)\Crestron\Simpl\USRSPLUS\CrestronKNXLibrary.clz...
13.02.2017 15:48:22, Info: Saving project information...
13.02.2017 15:48:23, Info: Verifying archive C:\Program Files (x86)\Crestron\Simpl\USRSPLUS\CrestronKNXLibrary.clz...
13.02.2017 15:48:23, Info: Saving project information...
13.02.2017 15:48:24, Info: Verifying archive C:\Program Files (x86)\Crestron\Simpl\USRSPLUS\CrestronKNXLibrary.clz...
13.02.2017 15:48:24, Info: Saving project information...
13.02.2017 15:48:25, Info: Verifying archive C:\Program Files (x86)\Crestron\Simpl\USRSPLUS\CrestronKNXLibrary.clz...
13.02.2017 15:48:26, Info: Saving project information...
13.02.2017 15:48:26, Info: Verifying archive C:\Users\terom\Documents\GitHub\Luxeng\Office\SPlsWork\AppHelperClasses v2_0.clz...
13.02.2017 15:48:27, Info: Saving project information...
13.02.2017 15:48:27, Info: Verifying archive C:\Users\terom\Documents\GitHub\Luxeng\Office\SPlsWork\Crestron.MediaPlayerValidator.clz...
13.02.2017 15:48:28, Info: Saving project information...
13.02.2017 15:48:31, Info: Verifying archive C:\Program Files (x86)\Crestron\Simpl\USRSPLUS\AppleDACPClient.clz...
13.02.2017 15:48:31, Info: Saving project information...
13.02.2017 15:48:32, Info: Commiting verification transaction...
13.02.2017 15:48:32, Info: Saving project information...
13.02.2017 15:49:20, Info: Initializing SIMPLSharp Services...
13.02.2017 15:49:20, Info: ProjectInfo successfully initialized.
13.02.2017 15:49:20, Info: Verifying archive C:\Program Files (x86)\Crestron\Simpl\USRSPLUS\CrestronKNXLibrary.clz...
13.02.2017 15:49:21, Info: Saving project information...
13.02.2017 15:49:22, Info: Verifying archive C:\Program Files (x86)\Crestron\Simpl\USRSPLUS\CrestronKNXLibrary.clz...
13.02.2017 15:49:22, Info: Saving project information...
13.02.2017 15:49:23, Info: Verifying archive C:\Program Files (x86)\Crestron\Simpl\USRSPLUS\CrestronKNXLibrary.clz...
13.02.2017 15:49:23, Info: Saving project information...
13.02.2017 15:49:24, Info: Verifying archive C:\Program Files (x86)\Crestron\Simpl\USRSPLUS\CrestronKNXLibrary.clz...
13.02.2017 15:49:25, Info: Saving project information...
13.02.2017 15:49:25, Info: Verifying archive C:\Users\terom\Documents\GitHub\Luxeng\Office\SPlsWork\AppHelperClasses v2_0.clz...
13.02.2017 15:49:26, Info: Saving project information...
13.02.2017 15:49:26, Info: Verifying archive C:\Users\terom\Documents\GitHub\Luxeng\Office\SPlsWork\Crestron.MediaPlayerValidator.clz...
13.02.2017 15:49:27, Info: Saving project information...
13.02.2017 15:49:30, Info: Verifying archive C:\Program Files (x86)\Crestron\Simpl\USRSPLUS\AppleDACPClient.clz...
13.02.2017 15:49:30, Info: Saving project information...
13.02.2017 15:49:31, Info: Commiting verification transaction...
13.02.2017 15:49:31, Info: Saving project information...
13.02.2017 15:51:18, Info: Initializing SIMPLSharp Services...
13.02.2017 15:51:18, Info: ProjectInfo successfully initialized.
13.02.2017 15:51:19, Info: Verifying archive C:\Program Files (x86)\Crestron\Simpl\USRSPLUS\CrestronKNXLibrary.clz...
13.02.2017 15:51:19, Info: Saving project information...
13.02.2017 15:51:20, Info: Verifying archive C:\Program Files (x86)\Crestron\Simpl\USRSPLUS\CrestronKNXLibrary.clz...
13.02.2017 15:51:21, Info: Saving project information...
13.02.2017 15:51:21, Info: Verifying archive C:\Program Files (x86)\Crestron\Simpl\USRSPLUS\CrestronKNXLibrary.clz...
13.02.2017 15:51:21, Info: Saving project information...
13.02.2017 15:51:23, Info: Verifying archive C:\Program Files (x86)\Crestron\Simpl\USRSPLUS\CrestronKNXLibrary.clz...
13.02.2017 15:51:23, Info: Saving project information...
13.02.2017 15:51:24, Info: Verifying archive C:\Users\terom\Documents\GitHub\Luxeng\Office\SPlsWork\AppHelperClasses v2_0.clz...
13.02.2017 15:51:24, Info: Saving project information...
13.02.2017 15:51:25, Info: Verifying archive C:\Users\terom\Documents\GitHub\Luxeng\Office\SPlsWork\Crestron.MediaPlayerValidator.clz...
13.02.2017 15:51:25, Info: Saving project information...
13.02.2017 15:51:28, Info: Verifying archive C:\Program Files (x86)\Crestron\Simpl\USRSPLUS\AppleDACPClient.clz...
13.02.2017 15:51:28, Info: Saving project information...
13.02.2017 15:51:30, Info: Commiting verification transaction...
13.02.2017 15:51:30, Info: Saving project information...
13.02.2017 15:53:05, Info: Initializing SIMPLSharp Services...
13.02.2017 15:53:05, Info: ProjectInfo successfully initialized.
13.02.2017 15:53:06, Info: Verifying archive C:\Program Files (x86)\Crestron\Simpl\USRSPLUS\CrestronKNXLibrary.clz...
13.02.2017 15:53:06, Info: Saving project information...
13.02.2017 15:53:07, Info: Verifying archive C:\Program Files (x86)\Crestron\Simpl\USRSPLUS\CrestronKNXLibrary.clz...
13.02.2017 15:53:08, Info: Saving project information...
13.02.2017 15:53:08, Info: Verifying archive C:\Program Files (x86)\Crestron\Simpl\USRSPLUS\CrestronKNXLibrary.clz...
13.02.2017 15:53:08, Info: Saving project information...
13.02.2017 15:53:10, Info: Verifying archive C:\Program Files (x86)\Crestron\Simpl\USRSPLUS\CrestronKNXLibrary.clz...
13.02.2017 15:53:10, Info: Saving project information...
13.02.2017 15:53:11, Info: Verifying archive C:\Users\terom\Documents\GitHub\Luxeng\Office\SPlsWork\AppHelperClasses v2_0.clz...
13.02.2017 15:53:11, Info: Saving project information...
13.02.2017 15:53:11, Info: Verifying archive C:\Users\terom\Documents\GitHub\Luxeng\Office\SPlsWork\Crestron.MediaPlayerValidator.clz...
13.02.2017 15:53:12, Info: Saving project information...
13.02.2017 15:53:15, Info: Verifying archive C:\Program Files (x86)\Crestron\Simpl\USRSPLUS\AppleDACPClient.clz...
13.02.2017 15:53:15, Info: Saving project information...
13.02.2017 15:53:17, Info: Commiting verification transaction...
13.02.2017 15:53:17, Info: Saving project information...
13.02.2017 15:54:14, Info: Initializing SIMPLSharp Services...
13.02.2017 15:54:14, Info: ProjectInfo successfully initialized.
13.02.2017 15:54:15, Info: Verifying archive C:\Program Files (x86)\Crestron\Simpl\USRSPLUS\CrestronKNXLibrary.clz...
13.02.2017 15:54:15, Info: Saving project information...
13.02.2017 15:54:16, Info: Verifying archive C:\Program Files (x86)\Crestron\Simpl\USRSPLUS\CrestronKNXLibrary.clz...
13.02.2017 15:54:17, Info: Saving project information...
13.02.2017 15:54:17, Info: Verifying archive C:\Program Files (x86)\Crestron\Simpl\USRSPLUS\CrestronKNXLibrary.clz...
13.02.2017 15:54:17, Info: Saving project information...
13.02.2017 15:54:19, Info: Verifying archive C:\Program Files (x86)\Crestron\Simpl\USRSPLUS\CrestronKNXLibrary.clz...
13.02.2017 15:54:19, Info: Saving project information...
13.02.2017 15:54:20, Info: Verifying archive C:\Users\terom\Documents\GitHub\Luxeng\Office\SPlsWork\AppHelperClasses v2_0.clz...
13.02.2017 15:54:20, Info: Saving project information...
13.02.2017 15:54:20, Info: Verifying archive C:\Users\terom\Documents\GitHub\Luxeng\Office\SPlsWork\Crestron.MediaPlayerValidator.clz...
13.02.2017 15:54:21, Info: Saving project information...
13.02.2017 15:54:24, Info: Verifying archive C:\Program Files (x86)\Crestron\Simpl\USRSPLUS\AppleDACPClient.clz...
13.02.2017 15:54:24, Info: Saving project information...
13.02.2017 15:54:26, Info: Commiting verification transaction...
13.02.2017 15:54:26, Info: Saving project information...
13.02.2017 15:55:26, Info: Initializing SIMPLSharp Services...
13.02.2017 15:55:26, Info: ProjectInfo successfully initialized.
13.02.2017 15:55:27, Info: Verifying archive C:\Program Files (x86)\Crestron\Simpl\USRSPLUS\CrestronKNXLibrary.clz...
13.02.2017 15:55:27, Info: Saving project information...
13.02.2017 15:55:28, Info: Verifying archive C:\Program Files (x86)\Crestron\Simpl\USRSPLUS\CrestronKNXLibrary.clz...
13.02.2017 15:55:29, Info: Saving project information...
13.02.2017 15:55:29, Info: Verifying archive C:\Program Files (x86)\Crestron\Simpl\USRSPLUS\CrestronKNXLibrary.clz...
13.02.2017 15:55:29, Info: Saving project information...
13.02.2017 15:55:31, Info: Verifying archive C:\Program Files (x86)\Crestron\Simpl\USRSPLUS\CrestronKNXLibrary.clz...
13.02.2017 15:55:31, Info: Saving project information...
13.02.2017 15:55:32, Info: Verifying archive C:\Users\terom\Documents\GitHub\Luxeng\Office\SPlsWork\AppHelperClasses v2_0.clz...
13.02.2017 15:55:32, Info: Saving project information...
13.02.2017 15:55:33, Info: Verifying archive C:\Users\terom\Documents\GitHub\Luxeng\Office\SPlsWork\Crestron.MediaPlayerValidator.clz...
13.02.2017 15:55:33, Info: Saving project information...
13.02.2017 15:55:36, Info: Verifying archive C:\Program Files (x86)\Crestron\Simpl\USRSPLUS\AppleDACPClient.clz...
13.02.2017 15:55:36, Info: Saving project information...
13.02.2017 15:55:38, Info: Commiting verification transaction...
13.02.2017 15:55:38, Info: Saving project information...
13.02.2017 17:13:43, Info: Terminating SIMPLSharp Services
13.02.2017 17:13:43, Info: Saving project information...
13.02.2017 17:13:43, Info: Terminating SIMPLSharp Services
13.02.2017 17:13:43, Info: Saving project information...
13.02.2017 17:13:43, Info: Terminating SIMPLSharp Services
13.02.2017 17:13:43, Info: Saving project information...
13.02.2017 17:13:43, Info: Terminating SIMPLSharp Services
13.02.2017 17:13:43, Info: Saving project information...
13.02.2017 17:13:43, Info: Terminating SIMPLSharp Services
13.02.2017 17:13:43, Info: Saving project information...
13.02.2017 17:13:43, Info: Terminating SIMPLSharp Services
13.02.2017 17:13:43, Info: Saving project information...
13.02.2017 17:13:43, Info: Terminating SIMPLSharp Services
13.02.2017 17:13:43, Info: Saving project information...
13.02.2017 17:13:43, Info: Terminating SIMPLSharp Services
