13.02.2017 21:04:45, Info: Verifying archive C:\Program Files (x86)\Crestron\Simpl\USRSPLUS\AppleDACPClient.clz...
13.02.2017 21:04:45, Info: Saving project information...
13.02.2017 21:04:47, Info: Commiting verification transaction...
13.02.2017 21:04:47, Info: Saving project information...
13.02.2017 21:28:36, Info: Initializing SIMPLSharp Services...
13.02.2017 21:28:36, Info: ProjectInfo successfully initialized.
13.02.2017 21:28:37, Info: Verifying archive C:\Program Files (x86)\Crestron\Simpl\USRSPLUS\CrestronKNXLibrary.clz...
13.02.2017 21:28:38, Info: Saving project information...
13.02.2017 21:28:39, Info: Verifying archive C:\Program Files (x86)\Crestron\Simpl\USRSPLUS\CrestronKNXLibrary.clz...
13.02.2017 21:28:39, Info: Saving project information...
13.02.2017 21:28:39, Info: Verifying archive C:\Program Files (x86)\Crestron\Simpl\USRSPLUS\CrestronKNXLibrary.clz...
13.02.2017 21:28:40, Info: Saving project information...
13.02.2017 21:28:41, Info: Verifying archive C:\Program Files (x86)\Crestron\Simpl\USRSPLUS\CrestronKNXLibrary.clz...
13.02.2017 21:28:41, Info: Saving project information...
13.02.2017 21:28:42, Info: Verifying archive C:\Users\terom\Documents\GitHub\Luxeng\Office\SPlsWork\AppHelperClasses v2_0.clz...
13.02.2017 21:28:42, Info: Saving project information...
13.02.2017 21:28:43, Info: Verifying archive C:\Users\terom\Documents\GitHub\Luxeng\Office\SPlsWork\Crestron.MediaPlayerValidator.clz...
13.02.2017 21:28:43, Info: Saving project information...
13.02.2017 21:28:47, Info: Verifying archive C:\Program Files (x86)\Crestron\Simpl\USRSPLUS\AppleDACPClient.clz...
13.02.2017 21:28:47, Info: Saving project information...
13.02.2017 21:28:49, Info: Commiting verification transaction...
13.02.2017 21:28:49, Info: Saving project information...
13.02.2017 21:36:17, Info: Initializing SIMPLSharp Services...
13.02.2017 21:36:17, Info: ProjectInfo successfully initialized.
13.02.2017 21:36:18, Info: Verifying archive C:\Program Files (x86)\Crestron\Simpl\USRSPLUS\CrestronKNXLibrary.clz...
13.02.2017 21:36:19, Info: Saving project information...
13.02.2017 21:36:20, Info: Verifying archive C:\Program Files (x86)\Crestron\Simpl\USRSPLUS\CrestronKNXLibrary.clz...
13.02.2017 21:36:20, Info: Saving project information...
13.02.2017 21:36:20, Info: Verifying archive C:\Program Files (x86)\Crestron\Simpl\USRSPLUS\CrestronKNXLibrary.clz...
13.02.2017 21:36:21, Info: Saving project information...
13.02.2017 21:36:22, Info: Verifying archive C:\Program Files (x86)\Crestron\Simpl\USRSPLUS\CrestronKNXLibrary.clz...
13.02.2017 21:36:22, Info: Saving project information...
13.02.2017 21:36:23, Info: Verifying archive C:\Users\terom\Documents\GitHub\Luxeng\Office\SPlsWork\AppHelperClasses v2_0.clz...
13.02.2017 21:36:23, Info: Saving project information...
13.02.2017 21:36:24, Info: Verifying archive C:\Users\terom\Documents\GitHub\Luxeng\Office\SPlsWork\Crestron.MediaPlayerValidator.clz...
13.02.2017 21:36:24, Info: Saving project information...
13.02.2017 21:36:27, Info: Verifying archive C:\Program Files (x86)\Crestron\Simpl\USRSPLUS\AppleDACPClient.clz...
13.02.2017 21:36:27, Info: Saving project information...
13.02.2017 21:36:29, Info: Commiting verification transaction...
13.02.2017 21:36:29, Info: Saving project information...
13.02.2017 21:37:12, Info: Initializing SIMPLSharp Services...
13.02.2017 21:37:12, Info: ProjectInfo successfully initialized.
13.02.2017 21:37:13, Info: Verifying archive C:\Program Files (x86)\Crestron\Simpl\USRSPLUS\CrestronKNXLibrary.clz...
13.02.2017 21:37:13, Info: Saving project information...
13.02.2017 21:37:14, Info: Verifying archive C:\Program Files (x86)\Crestron\Simpl\USRSPLUS\CrestronKNXLibrary.clz...
13.02.2017 21:37:14, Info: Saving project information...
13.02.2017 21:37:15, Info: Verifying archive C:\Program Files (x86)\Crestron\Simpl\USRSPLUS\CrestronKNXLibrary.clz...
13.02.2017 21:37:15, Info: Saving project information...
13.02.2017 21:37:16, Info: Verifying archive C:\Program Files (x86)\Crestron\Simpl\USRSPLUS\CrestronKNXLibrary.clz...
13.02.2017 21:37:17, Info: Saving project information...
13.02.2017 21:37:17, Info: Verifying archive C:\Users\terom\Documents\GitHub\Luxeng\Office\SPlsWork\AppHelperClasses v2_0.clz...
13.02.2017 21:37:17, Info: Saving project information...
13.02.2017 21:37:18, Info: Verifying archive C:\Users\terom\Documents\GitHub\Luxeng\Office\SPlsWork\Crestron.MediaPlayerValidator.clz...
13.02.2017 21:37:18, Info: Saving project information...
13.02.2017 21:37:22, Info: Verifying archive C:\Program Files (x86)\Crestron\Simpl\USRSPLUS\AppleDACPClient.clz...
13.02.2017 21:37:22, Info: Saving project information...
13.02.2017 21:37:23, Info: Commiting verification transaction...
13.02.2017 21:37:23, Info: Saving project information...
13.02.2017 21:37:40, Info: Initializing SIMPLSharp Services...
13.02.2017 21:37:40, Info: ProjectInfo successfully initialized.
13.02.2017 21:37:40, Info: Verifying archive C:\Program Files (x86)\Crestron\Simpl\USRSPLUS\CrestronKNXLibrary.clz...
13.02.2017 21:37:41, Info: Saving project information...
13.02.2017 21:37:42, Info: Verifying archive C:\Program Files (x86)\Crestron\Simpl\USRSPLUS\CrestronKNXLibrary.clz...
13.02.2017 21:37:42, Info: Saving project information...
13.02.2017 21:37:43, Info: Verifying archive C:\Program Files (x86)\Crestron\Simpl\USRSPLUS\CrestronKNXLibrary.clz...
13.02.2017 21:37:43, Info: Saving project information...
13.02.2017 21:37:44, Info: Verifying archive C:\Program Files (x86)\Crestron\Simpl\USRSPLUS\CrestronKNXLibrary.clz...
13.02.2017 21:37:45, Info: Saving project information...
13.02.2017 21:37:45, Info: Verifying archive C:\Users\terom\Documents\GitHub\Luxeng\Office\SPlsWork\AppHelperClasses v2_0.clz...
13.02.2017 21:37:45, Info: Saving project information...
13.02.2017 21:37:46, Info: Verifying archive C:\Users\terom\Documents\GitHub\Luxeng\Office\SPlsWork\Crestron.MediaPlayerValidator.clz...
13.02.2017 21:37:46, Info: Saving project information...
13.02.2017 21:37:50, Info: Verifying archive C:\Program Files (x86)\Crestron\Simpl\USRSPLUS\AppleDACPClient.clz...
13.02.2017 21:37:50, Info: Saving project information...
13.02.2017 21:37:51, Info: Commiting verification transaction...
13.02.2017 21:37:51, Info: Saving project information...
13.02.2017 21:38:17, Info: Initializing SIMPLSharp Services...
13.02.2017 21:38:17, Info: ProjectInfo successfully initialized.
13.02.2017 21:38:18, Info: Verifying archive C:\Program Files (x86)\Crestron\Simpl\USRSPLUS\CrestronKNXLibrary.clz...
13.02.2017 21:38:19, Info: Saving project information...
13.02.2017 21:38:19, Info: Verifying archive C:\Program Files (x86)\Crestron\Simpl\USRSPLUS\CrestronKNXLibrary.clz...
13.02.2017 21:38:20, Info: Saving project information...
13.02.2017 21:38:20, Info: Verifying archive C:\Program Files (x86)\Crestron\Simpl\USRSPLUS\CrestronKNXLibrary.clz...
13.02.2017 21:38:21, Info: Saving project information...
13.02.2017 21:38:22, Info: Verifying archive C:\Program Files (x86)\Crestron\Simpl\USRSPLUS\CrestronKNXLibrary.clz...
13.02.2017 21:38:22, Info: Saving project information...
13.02.2017 21:38:23, Info: Verifying archive C:\Users\terom\Documents\GitHub\Luxeng\Office\SPlsWork\AppHelperClasses v2_0.clz...
13.02.2017 21:38:23, Info: Saving project information...
13.02.2017 21:38:24, Info: Verifying archive C:\Users\terom\Documents\GitHub\Luxeng\Office\SPlsWork\Crestron.MediaPlayerValidator.clz...
13.02.2017 21:38:24, Info: Saving project information...
13.02.2017 21:38:27, Info: Verifying archive C:\Program Files (x86)\Crestron\Simpl\USRSPLUS\AppleDACPClient.clz...
13.02.2017 21:38:28, Info: Saving project information...
13.02.2017 21:38:29, Info: Commiting verification transaction...
13.02.2017 21:38:29, Info: Saving project information...
13.02.2017 21:43:40, Info: Initializing SIMPLSharp Services...
13.02.2017 21:43:40, Info: ProjectInfo successfully initialized.
13.02.2017 21:43:40, Info: Verifying archive C:\Program Files (x86)\Crestron\Simpl\USRSPLUS\CrestronKNXLibrary.clz...
13.02.2017 21:43:41, Info: Saving project information...
13.02.2017 21:43:42, Info: Verifying archive C:\Program Files (x86)\Crestron\Simpl\USRSPLUS\CrestronKNXLibrary.clz...
13.02.2017 21:43:42, Info: Saving project information...
13.02.2017 21:43:42, Info: Verifying archive C:\Program Files (x86)\Crestron\Simpl\USRSPLUS\CrestronKNXLibrary.clz...
13.02.2017 21:43:43, Info: Saving project information...
13.02.2017 21:43:44, Info: Verifying archive C:\Program Files (x86)\Crestron\Simpl\USRSPLUS\CrestronKNXLibrary.clz...
13.02.2017 21:43:45, Info: Saving project information...
13.02.2017 21:43:45, Info: Verifying archive C:\Users\terom\Documents\GitHub\Luxeng\Office\SPlsWork\AppHelperClasses v2_0.clz...
13.02.2017 21:43:45, Info: Saving project information...
13.02.2017 21:43:46, Info: Verifying archive C:\Users\terom\Documents\GitHub\Luxeng\Office\SPlsWork\Crestron.MediaPlayerValidator.clz...
13.02.2017 21:43:46, Info: Saving project information...
13.02.2017 21:43:49, Info: Commiting verification transaction...
13.02.2017 21:43:49, Info: Saving project information...
13.02.2017 21:44:22, Info: Initializing SIMPLSharp Services...
13.02.2017 21:44:22, Info: ProjectInfo successfully initialized.
13.02.2017 21:44:23, Info: Verifying archive C:\Program Files (x86)\Crestron\Simpl\USRSPLUS\CrestronKNXLibrary.clz...
13.02.2017 21:44:23, Info: Saving project information...
13.02.2017 21:44:24, Info: Verifying archive C:\Program Files (x86)\Crestron\Simpl\USRSPLUS\CrestronKNXLibrary.clz...
13.02.2017 21:44:25, Info: Saving project information...
13.02.2017 21:44:25, Info: Verifying archive C:\Program Files (x86)\Crestron\Simpl\USRSPLUS\CrestronKNXLibrary.clz...
13.02.2017 21:44:25, Info: Saving project information...
13.02.2017 21:44:27, Info: Verifying archive C:\Program Files (x86)\Crestron\Simpl\USRSPLUS\CrestronKNXLibrary.clz...
13.02.2017 21:44:27, Info: Saving project information...
13.02.2017 21:44:28, Info: Verifying archive C:\Users\terom\Documents\GitHub\Luxeng\Office\SPlsWork\AppHelperClasses v2_0.clz...
13.02.2017 21:44:28, Info: Saving project information...
13.02.2017 21:44:29, Info: Verifying archive C:\Users\terom\Documents\GitHub\Luxeng\Office\SPlsWork\Crestron.MediaPlayerValidator.clz...
13.02.2017 21:44:29, Info: Saving project information...
13.02.2017 21:44:32, Info: Verifying archive C:\Program Files (x86)\Crestron\Simpl\USRSPLUS\AppleDACPClient.clz...
13.02.2017 21:44:32, Info: Saving project information...
13.02.2017 21:44:34, Info: Commiting verification transaction...
13.02.2017 21:44:34, Info: Saving project information...
13.02.2017 21:55:33, Info: Initializing SIMPLSharp Services...
13.02.2017 21:55:33, Info: ProjectInfo successfully initialized.
13.02.2017 21:55:34, Info: Verifying archive C:\Program Files (x86)\Crestron\Simpl\USRSPLUS\CrestronKNXLibrary.clz...
13.02.2017 21:55:34, Info: Saving project information...
13.02.2017 21:55:35, Info: Verifying archive C:\Program Files (x86)\Crestron\Simpl\USRSPLUS\CrestronKNXLibrary.clz...
13.02.2017 21:55:36, Info: Saving project information...
13.02.2017 21:55:36, Info: Verifying archive C:\Program Files (x86)\Crestron\Simpl\USRSPLUS\CrestronKNXLibrary.clz...
13.02.2017 21:55:36, Info: Saving project information...
13.02.2017 21:55:38, Info: Verifying archive C:\Program Files (x86)\Crestron\Simpl\USRSPLUS\CrestronKNXLibrary.clz...
13.02.2017 21:55:38, Info: Saving project information...
13.02.2017 21:55:39, Info: Verifying archive C:\Users\terom\Documents\GitHub\Luxeng\Office\SPlsWork\AppHelperClasses v2_0.clz...
13.02.2017 21:55:39, Info: Saving project information...
13.02.2017 21:55:39, Info: Verifying archive C:\Users\terom\Documents\GitHub\Luxeng\Office\SPlsWork\Crestron.MediaPlayerValidator.clz...
13.02.2017 21:55:40, Info: Saving project information...
13.02.2017 21:55:43, Info: Verifying archive C:\Program Files (x86)\Crestron\Simpl\USRSPLUS\AppleDACPClient.clz...
13.02.2017 21:55:43, Info: Saving project information...
13.02.2017 21:55:45, Info: Commiting verification transaction...
13.02.2017 21:55:45, Info: Saving project information...
13.02.2017 21:56:56, Info: Initializing SIMPLSharp Services...
13.02.2017 21:56:56, Info: ProjectInfo successfully initialized.
13.02.2017 21:56:57, Info: Verifying archive C:\Program Files (x86)\Crestron\Simpl\USRSPLUS\CrestronKNXLibrary.clz...
13.02.2017 21:56:57, Info: Saving project information...
13.02.2017 21:56:58, Info: Verifying archive C:\Program Files (x86)\Crestron\Simpl\USRSPLUS\CrestronKNXLibrary.clz...
13.02.2017 21:56:58, Info: Saving project information...
13.02.2017 21:56:59, Info: Verifying archive C:\Program Files (x86)\Crestron\Simpl\USRSPLUS\CrestronKNXLibrary.clz...
13.02.2017 21:56:59, Info: Saving project information...
13.02.2017 21:57:00, Info: Verifying archive C:\Program Files (x86)\Crestron\Simpl\USRSPLUS\CrestronKNXLibrary.clz...
13.02.2017 21:57:01, Info: Saving project information...
13.02.2017 21:57:01, Info: Verifying archive C:\Users\terom\Documents\GitHub\Luxeng\Office\SPlsWork\AppHelperClasses v2_0.clz...
13.02.2017 21:57:02, Info: Saving project information...
13.02.2017 21:57:02, Info: Verifying archive C:\Users\terom\Documents\GitHub\Luxeng\Office\SPlsWork\Crestron.MediaPlayerValidator.clz...
13.02.2017 21:57:03, Info: Saving project information...
13.02.2017 21:57:06, Info: Verifying archive C:\Program Files (x86)\Crestron\Simpl\USRSPLUS\AppleDACPClient.clz...
13.02.2017 21:57:06, Info: Saving project information...
13.02.2017 21:57:08, Info: Commiting verification transaction...
13.02.2017 21:57:08, Info: Saving project information...
13.02.2017 22:05:25, Info: Initializing SIMPLSharp Services...
13.02.2017 22:05:25, Info: ProjectInfo successfully initialized.
13.02.2017 22:05:25, Info: Verifying archive C:\Program Files (x86)\Crestron\Simpl\USRSPLUS\CrestronKNXLibrary.clz...
13.02.2017 22:05:26, Info: Saving project information...
13.02.2017 22:05:27, Info: Verifying archive C:\Program Files (x86)\Crestron\Simpl\USRSPLUS\CrestronKNXLibrary.clz...
13.02.2017 22:05:27, Info: Saving project information...
13.02.2017 22:05:27, Info: Verifying archive C:\Program Files (x86)\Crestron\Simpl\USRSPLUS\CrestronKNXLibrary.clz...
13.02.2017 22:05:28, Info: Saving project information...
13.02.2017 22:05:29, Info: Verifying archive C:\Program Files (x86)\Crestron\Simpl\USRSPLUS\CrestronKNXLibrary.clz...
13.02.2017 22:05:30, Info: Saving project information...
13.02.2017 22:05:30, Info: Verifying archive C:\Users\terom\Documents\GitHub\Luxeng\Office\SPlsWork\AppHelperClasses v2_0.clz...
13.02.2017 22:05:30, Info: Saving project information...
13.02.2017 22:05:31, Info: Verifying archive C:\Users\terom\Documents\GitHub\Luxeng\Office\SPlsWork\Crestron.MediaPlayerValidator.clz...
13.02.2017 22:05:31, Info: Saving project information...
13.02.2017 22:05:35, Info: Verifying archive C:\Program Files (x86)\Crestron\Simpl\USRSPLUS\AppleDACPClient.clz...
13.02.2017 22:05:35, Info: Saving project information...
13.02.2017 22:05:36, Info: Commiting verification transaction...
13.02.2017 22:05:36, Info: Saving project information...
14.02.2017 1:04:08, Info: Terminating SIMPLSharp Services
14.02.2017 1:04:08, Info: Saving project information...
14.02.2017 1:04:08, Info: Terminating SIMPLSharp Services
14.02.2017 1:04:08, Info: Saving project information...
14.02.2017 1:04:08, Info: Terminating SIMPLSharp Services
14.02.2017 1:04:08, Info: Saving project information...
14.02.2017 1:04:08, Info: Terminating SIMPLSharp Services
14.02.2017 1:04:08, Info: Saving project information...
14.02.2017 1:04:08, Info: Terminating SIMPLSharp Services
14.02.2017 1:04:08, Info: Saving project information...
14.02.2017 1:04:08, Info: Terminating SIMPLSharp Services
14.02.2017 1:04:08, Info: Saving project information...
14.02.2017 1:04:08, Info: Terminating SIMPLSharp Services
14.02.2017 1:04:08, Info: Saving project information...
14.02.2017 1:04:08, Info: Terminating SIMPLSharp Services
14.02.2017 1:04:08, Info: Saving project information...
14.02.2017 1:04:08, Info: Terminating SIMPLSharp Services
14.02.2017 1:04:08, Info: Saving project information...
14.02.2017 1:04:08, Info: Terminating SIMPLSharp Services
14.02.2017 1:04:08, Info: Saving project information...
14.02.2017 1:04:08, Info: Terminating SIMPLSharp Services
14.02.2017 1:04:08, Info: Saving project information...
14.02.2017 1:04:08, Info: Terminating SIMPLSharp Services
14.02.2017 1:04:08, Info: Saving project information...
14.02.2017 1:04:08, Info: Terminating SIMPLSharp Services
14.02.2017 1:04:08, Info: Saving project information...
14.02.2017 1:04:08, Info: Terminating SIMPLSharp Services
14.02.2017 1:04:08, Info: Saving project information...
14.02.2017 1:04:08, Info: Terminating SIMPLSharp Services
14.02.2017 1:04:08, Info: Saving project information...
14.02.2017 1:04:08, Info: Terminating SIMPLSharp Services
14.02.2017 1:04:08, Info: Saving project information...
14.02.2017 1:04:08, Info: Terminating SIMPLSharp Services
14.02.2017 1:04:08, Info: Saving project information...
14.02.2017 1:04:08, Info: Terminating SIMPLSharp Services
14.02.2017 1:04:08, Info: Saving project information...
14.02.2017 1:04:08, Info: Terminating SIMPLSharp Services
14.02.2017 1:04:08, Info: Saving project information...
14.02.2017 1:04:08, Info: Terminating SIMPLSharp Services
14.02.2017 1:04:08, Info: Saving project information...
14.02.2017 1:04:08, Info: Terminating SIMPLSharp Services
